0 info it worked if it ends with ok
1 verbose cli [ 'node', '/usr/local/bin/npm', 'install', 'zlib' ]
2 info using npm@2.1.17
3 info using node@v0.10.35
4 verbose node symlink /usr/local/bin/node
5 warn package.json http@0.0.0 http is also the name of a node core module.
6 warn package.json http@0.0.0 No description
7 warn package.json http@0.0.0 No repository field.
8 warn package.json http@0.0.0 No README data
9 warn package.json fs@0.0.2 fs is also the name of a node core module.
10 warn package.json fs@0.0.2 No description
11 warn package.json fs@0.0.2 No repository field.
12 silly cache add args [ 'zlib', null ]
13 verbose cache add spec zlib
14 silly cache add parsed spec { raw: 'zlib',
14 silly cache add   scope: null,
14 silly cache add   name: 'zlib',
14 silly cache add   rawSpec: '',
14 silly cache add   spec: '*',
14 silly cache add   type: 'range' }
15 verbose addNamed zlib@*
16 silly addNamed semver.valid null
17 silly addNamed semver.validRange *
18 silly addNameRange { name: 'zlib', range: '*', hasData: false }
19 silly mapToRegistry name zlib
20 silly mapToRegistry using default registry
21 silly mapToRegistry registry https://registry.npmjs.org/
22 silly mapToRegistry uri https://registry.npmjs.org/zlib
23 verbose addNameRange registry:https://registry.npmjs.org/zlib not in flight; fetching
24 verbose request uri https://registry.npmjs.org/zlib
25 verbose request no auth needed
26 info attempt registry request try #1 at 19:37:18
27 verbose request id 7b6f4179603bdda3
28 verbose etag "5MPTL9F7XK1G117NC9HPKL8F4"
29 http request GET https://registry.npmjs.org/zlib
30 http 304 https://registry.npmjs.org/zlib
31 silly get cb [ 304,
31 silly get   { date: 'Wed, 18 Feb 2015 00:37:18 GMT',
31 silly get     server: 'Apache',
31 silly get     via: '1.1 varnish',
31 silly get     'last-modified': 'Wed, 18 Feb 2015 00:37:19 GMT',
31 silly get     'cache-control': 'max-age=60',
31 silly get     etag: '"5MPTL9F7XK1G117NC9HPKL8F4"',
31 silly get     age: '0',
31 silly get     'x-served-by': 'cache-jfk1023-JFK',
31 silly get     'x-cache': 'MISS',
31 silly get     'x-cache-hits': '0',
31 silly get     'x-timer': 'S1424219838.760569,VS0,VE360',
31 silly get     vary: 'Accept',
31 silly get     'content-length': '0',
31 silly get     'keep-alive': 'timeout=10, max=50',
31 silly get     connection: 'Keep-Alive' } ]
32 verbose etag https://registry.npmjs.org/zlib from cache
33 silly addNameRange number 2 { name: 'zlib', range: '*', hasData: true }
34 silly addNameRange versions [ 'zlib',
34 silly addNameRange   [ '1.0.0', '1.0.1', '1.0.2', '1.0.3', '1.0.4', '1.0.5' ] ]
35 verbose addNamed zlib@1.0.5
36 silly addNamed semver.valid 1.0.5
37 silly addNamed semver.validRange 1.0.5
38 silly cache afterAdd zlib@1.0.5
39 verbose afterAdd /Users/eabraham/.npm/zlib/1.0.5/package/package.json not in flight; writing
40 verbose afterAdd /Users/eabraham/.npm/zlib/1.0.5/package/package.json written
41 silly install resolved [ { name: 'zlib',
41 silly install resolved     description: 'Simple, synchronous deflate/inflate for buffers',
41 silly install resolved     version: '1.0.5',
41 silly install resolved     homepage: 'https://github.com/kkaefer/node-zlib',
41 silly install resolved     author: { name: 'Konstantin Käfer', email: 'kkaefer@gmail.com' },
41 silly install resolved     repository: { type: 'git', url: 'git://github.com/kkaefer/node-zlib.git' },
41 silly install resolved     engines: { node: '>=0.2.0' },
41 silly install resolved     licenses: [ [Object] ],
41 silly install resolved     main: './lib/zlib',
41 silly install resolved     _npmJsonOpts:
41 silly install resolved      { file: '/Users/kkaefer/.npm/zlib/1.0.5/package/package.json',
41 silly install resolved        contributors: false,
41 silly install resolved        serverjs: false,
41 silly install resolved        wscript: true },
41 silly install resolved     _id: 'zlib@1.0.5',
41 silly install resolved     scripts: { preinstall: 'node-waf clean || true; node-waf configure build' },
41 silly install resolved     dependencies: {},
41 silly install resolved     devDependencies: {},
41 silly install resolved     _engineSupported: true,
41 silly install resolved     _npmVersion: '1.0.23',
41 silly install resolved     _nodeVersion: 'v0.4.9',
41 silly install resolved     _defaultsLoaded: true,
41 silly install resolved     dist:
41 silly install resolved      { shasum: '6e7c972fc371c645a6afb03ab14769def114fcc0',
41 silly install resolved        tarball: 'http://registry.npmjs.org/zlib/-/zlib-1.0.5.tgz' },
41 silly install resolved     maintainers: [ [Object], [Object], [Object], [Object], [Object] ],
41 silly install resolved     directories: {},
41 silly install resolved     _shasum: '6e7c972fc371c645a6afb03ab14769def114fcc0',
41 silly install resolved     _resolved: 'https://registry.npmjs.org/zlib/-/zlib-1.0.5.tgz',
41 silly install resolved     _from: 'zlib@*',
41 silly install resolved     bugs: { url: 'https://github.com/kkaefer/node-zlib/issues' },
41 silly install resolved     readme: 'ERROR: No README data found!' } ]
42 info install zlib@1.0.5 into /Users/eabraham/Documents/NodejsTutorials/stream-adventure
43 info installOne zlib@1.0.5
44 verbose installOne of zlib to /Users/eabraham/Documents/NodejsTutorials/stream-adventure not in flight; installing
45 verbose lock using /Users/eabraham/.npm/_locks/zlib-9f871c8893e4e02e.lock for /Users/eabraham/Documents/NodejsTutorials/stream-adventure/node_modules/zlib
46 silly install write writing zlib 1.0.5 to /Users/eabraham/Documents/NodejsTutorials/stream-adventure/node_modules/zlib
47 silly cache addNamed cb zlib@1.0.5
48 verbose unbuild node_modules/zlib
49 verbose gentlyRm vacuuming /Users/eabraham/Documents/NodejsTutorials/stream-adventure/node_modules/zlib
50 verbose tar unpack /Users/eabraham/.npm/zlib/1.0.5/package.tgz
51 verbose tar unpacking to /Users/eabraham/Documents/NodejsTutorials/stream-adventure/node_modules/zlib
52 verbose gentlyRm vacuuming /Users/eabraham/Documents/NodejsTutorials/stream-adventure/node_modules/zlib
53 silly gunzTarPerm modes [ '755', '644' ]
54 silly gunzTarPerm extractEntry .gitignore
55 silly gunzTarPerm extractEntry configure
56 silly gunzTarPerm extractEntry index.js
57 silly gunzTarPerm extractEntry LICENSE
58 silly gunzTarPerm extractEntry Makefile
59 silly gunzTarPerm extractEntry package.json
60 silly gunzTarPerm extractEntry README.md
61 silly gunzTarPerm extractEntry wscript
62 silly gunzTarPerm extractEntry lib/zlib.js
63 silly gunzTarPerm extractEntry src/node-zlib.cc
64 silly gunzTarPerm extractEntry test/deflate.test.js
65 silly gunzTarPerm extractEntry test/inflate.test.js
66 info preinstall zlib@1.0.5
67 verbose unsafe-perm in lifecycle true
68 info zlib@1.0.5 Failed to exec preinstall script
69 verbose unlock done using /Users/eabraham/.npm/_locks/zlib-9f871c8893e4e02e.lock for /Users/eabraham/Documents/NodejsTutorials/stream-adventure/node_modules/zlib
70 verbose stack Error: zlib@1.0.5 preinstall: `node-waf clean || true; node-waf configure build`
70 verbose stack Exit status 127
70 verbose stack     at EventEmitter.<anonymous> (/usr/local/lib/node_modules/npm/lib/utils/lifecycle.js:212:16)
70 verbose stack     at EventEmitter.emit (events.js:98:17)
70 verbose stack     at ChildProcess.<anonymous> (/usr/local/lib/node_modules/npm/lib/utils/spawn.js:14:12)
70 verbose stack     at ChildProcess.emit (events.js:98:17)
70 verbose stack     at maybeClose (child_process.js:766:16)
70 verbose stack     at Process.ChildProcess._handle.onexit (child_process.js:833:5)
71 verbose pkgid zlib@1.0.5
72 verbose cwd /Users/eabraham/Documents/NodejsTutorials/stream-adventure
73 error Darwin 13.4.0
74 error argv "node" "/usr/local/bin/npm" "install" "zlib"
75 error node v0.10.35
76 error npm  v2.1.17
77 error code ELIFECYCLE
78 error zlib@1.0.5 preinstall: `node-waf clean || true; node-waf configure build`
78 error Exit status 127
79 error Failed at the zlib@1.0.5 preinstall script 'node-waf clean || true; node-waf configure build'.
79 error This is most likely a problem with the zlib package,
79 error not with npm itself.
79 error Tell the author that this fails on your system:
79 error     node-waf clean || true; node-waf configure build
79 error You can get their info via:
79 error     npm owner ls zlib
79 error There is likely additional logging output above.
80 verbose exit [ 1, true ]
81 verbose unbuild node_modules/zlib
82 info preuninstall zlib@1.0.5
83 info uninstall zlib@1.0.5
84 verbose unbuild rmStuff zlib@1.0.5 from /Users/eabraham/Documents/NodejsTutorials/stream-adventure/node_modules
85 info postuninstall zlib@1.0.5
86 verbose gentlyRm vacuuming /Users/eabraham/Documents/NodejsTutorials/stream-adventure/node_modules/zlib
87 silly gentlyRm purging /Users/eabraham/Documents/NodejsTutorials/stream-adventure/node_modules/zlib
88 silly gentlyRm quitting because other entries in /Users/eabraham/Documents/NodejsTutorials/stream-adventure/node_modules
